thinkingsdk/build/intermediates/manifest_merge_blame_file/debug/manifest-merger-blame-debug-report.txt
1<?xml version="1.0" encoding="utf-8"?>
2<manifest xmlns:android="http://schemas.android.com/apk/res/android"
3    package="cn.dataeye.android"
4    android:versionCode="1"
5    android:versionName="2.6.0" >
6
7    <uses-sdk
8        android:minSdkVersion="14"
8-->src/main/AndroidManifest.xml
9        android:targetSdkVersion="29" />
9-->src/main/AndroidManifest.xml
10
11<!--     This permission is required to allow the application to send events and properties to ThinkingData. -->
12    <uses-permission android:name="android.permission.INTERNET" />
12-->src/main/AndroidManifest.xml:7:5-67
12-->src/main/AndroidManifest.xml:7:22-64
13
14<!--       This permission is optional but recommended so we can be smart about when to send data. -->
15    <uses-permission android:name="android.permission.ACCESS_NETWORK_STATE" />
15-->src/main/AndroidManifest.xml:12:5-79
15-->src/main/AndroidManifest.xml:12:22-76
16
17    <application>
17-->src/main/AndroidManifest.xml:14:5-23:19
18        <meta-data
18-->src/main/AndroidManifest.xml:15:9-17:48
19            android:name="cn.dataeye.android.MainProcessName"
19-->src/main/AndroidManifest.xml:16:13-62
20            android:value="${applicationId}" />
20-->src/main/AndroidManifest.xml:17:13-45
21
22        <service
22-->src/main/AndroidManifest.xml:18:9-21:40
23            android:name="cn.dataeye.android.DataEyeQuitSafelyService$DataEyeKeepAliveService"
23-->src/main/AndroidManifest.xml:19:13-95
24            android:exported="false"
24-->src/main/AndroidManifest.xml:21:13-37
25            android:stopWithTask="false" />
25-->src/main/AndroidManifest.xml:20:13-41
26    </application>
27
28</manifest>